<?xml version="1.0" encoding="UTF-8"?>
<!-- Generated by org.testng.reporters.JUnitReportReporter -->
<testsuite skipped="0" hostname="Chetuiwk1317" name="modules_automation.Register" tests="7" failures="0" timestamp="21 Jul 2017 11:58:06 GMT" time="67.987" errors="0">
  <testcase name="clickStartButton" time="1.184" classname="modules_automation.Register"/>
  <testcase name="clickRegister" time="58.968" classname="modules_automation.Register"/>
  <testcase name="clickBusinessType" time="0.291" classname="modules_automation.Register"/>
  <testcase name="clickNextButtonAfterSelectingBuisnessType" time="0.282" classname="modules_automation.Register"/>
  <testcase name="clickNumberofStores" time="0.810" classname="modules_automation.Register"/>
  <testcase name="doRegister" time="0.692" classname="modules_automation.Register"/>
  <testcase name="clickregister" time="5.760" classname="modules_automation.Register"/>
</testsuite> <!-- modules_automation.Register -->
