<?xml version="1.0" encoding="UTF-8"?>
<!-- Generated by org.testng.reporters.JUnitReportReporter -->
<testsuite skipped="7" hostname="Chetuiwk1317" name="modules_automation.Register" tests="8" failures="0" timestamp="27 Jul 2017 10:44:33 GMT" time="82.889" errors="1">
  <testcase name="clickStartButton" time="0.000" classname="modules_automation.Register">
    <skipped/>
  </testcase> <!-- clickStartButton -->
  <testcase name="startUp" time="82.889" classname="modules_automation.Register">
    <error type="org.sikuli.script.FindFailed" message="can not find P(D:/amit/Java_programs/Conekto-MTOPO/libs/images/start.png) S: 0.7 in S(0)[0,0 1366x768]">
      <![CDATA[FindFailed: can not find P(D:/amit/Java_programs/Conekto-MTOPO/libs/images/start.png) S: 0.7 in S(0)[0,0 1366x768]
  Line 2189, in file Region.java

	at org.sikuli.script.Region.handleFindFailedShowDialog(Region.java:2189)
	at org.sikuli.script.Region.handleFindFailed(Region.java:2134)
	at org.sikuli.script.Region.wait(Region.java:2546)
	at org.sikuli.script.Region.find(Region.java:2205)
	at org.sikuli.script.Region.getLocationFromTarget(Region.java:3067)
	at org.sikuli.script.Region.click(Region.java:3534)
	at org.sikuli.script.Region.click(Region.java:3519)
	at modules_automation.Sikuli_Automation.automationcript(Sikuli_Automation.java:28)
	at modules_automation.Register.startUp(Register.java:35)
	at sun.reflect.NativeMethodAccessorImpl.invoke0(Native Method)
	at sun.reflect.NativeMethodAccessorImpl.invoke(NativeMethodAccessorImpl.java:62)
	at sun.reflect.DelegatingMethodAccessorImpl.invoke(DelegatingMethodAccessorImpl.java:43)
	at java.lang.reflect.Method.invoke(Method.java:498)
	at org.testng.internal.MethodInvocationHelper.invokeMethod(MethodInvocationHelper.java:108)
	at org.testng.internal.Invoker.invokeConfigurationMethod(Invoker.java:523)
	at org.testng.internal.Invoker.invokeConfigurations(Invoker.java:224)
	at org.testng.internal.Invoker.invokeConfigurations(Invoker.java:146)
	at org.testng.TestRunner.beforeRun(TestRunner.java:626)
	at org.testng.TestRunner.run(TestRunner.java:594)
	at org.testng.SuiteRunner.runTest(SuiteRunner.java:380)
	at org.testng.SuiteRunner.runSequentially(SuiteRunner.java:375)
	at org.testng.SuiteRunner.privateRun(SuiteRunner.java:340)
	at org.testng.SuiteRunner.run(SuiteRunner.java:289)
	at org.testng.SuiteRunnerWorker.runSuite(SuiteRunnerWorker.java:52)
	at org.testng.SuiteRunnerWorker.run(SuiteRunnerWorker.java:86)
	at org.testng.TestNG.runSuitesSequentially(TestNG.java:1301)
	at org.testng.TestNG.runSuitesLocally(TestNG.java:1226)
	at org.testng.TestNG.runSuites(TestNG.java:1144)
	at org.testng.TestNG.run(TestNG.java:1115)
	at org.testng.remote.AbstractRemoteTestNG.run(AbstractRemoteTestNG.java:132)
	at org.testng.remote.RemoteTestNG.initAndRun(RemoteTestNG.java:230)
	at org.testng.remote.RemoteTestNG.main(RemoteTestNG.java:76)
]]>
    </error>
  </testcase> <!-- startUp -->
  <testcase name="clickRegister" time="0.000" classname="modules_automation.Register">
    <skipped/>
  </testcase> <!-- clickRegister -->
  <testcase name="clickBusinessType_FashionNApparel" time="0.000" classname="modules_automation.Register">
    <skipped/>
  </testcase> <!-- clickBusinessType_FashionNApparel -->
  <testcase name="clickNextButtonAfterSelectingBuisnessType" time="0.000" classname="modules_automation.Register">
    <skipped/>
  </testcase> <!-- clickNextButtonAfterSelectingBuisnessType -->
  <testcase name="clickNumberofStores" time="0.000" classname="modules_automation.Register">
    <skipped/>
  </testcase> <!-- clickNumberofStores -->
  <testcase name="doRegister" time="0.000" classname="modules_automation.Register">
    <skipped/>
  </testcase> <!-- doRegister -->
  <testcase name="clickRegisterButton" time="0.000" classname="modules_automation.Register">
    <skipped/>
  </testcase> <!-- clickRegisterButton -->
</testsuite> <!-- modules_automation.Register -->
