<?xml version="1.0" encoding="UTF-8"?>
<!-- Generated by org.testng.reporters.JUnitReportReporter -->
<testsuite skipped="0" hostname="Chetuiwk1317" name="modules_automation.Register" tests="7" failures="0" timestamp="21 Jul 2017 14:00:59 GMT" time="37.406" errors="0">
  <testcase name="clickStartButton" time="1.540" classname="modules_automation.Register"/>
  <testcase name="clickRegister" time="34.196" classname="modules_automation.Register"/>
  <testcase name="clickBusinessType" time="0.445" classname="modules_automation.Register"/>
  <testcase name="clickNextButtonAfterSelectingBuisnessType" time="0.380" classname="modules_automation.Register"/>
  <testcase name="clickNumberofStores" time="0.430" classname="modules_automation.Register"/>
  <testcase name="doRegister" time="0.111" classname="modules_automation.Register"/>
  <testcase name="clickregister" time="0.304" classname="modules_automation.Register"/>
</testsuite> <!-- modules_automation.Register -->
