<?xml version="1.0" encoding="UTF-8"?>
<!-- Generated by org.testng.reporters.JUnitReportReporter -->
<testsuite skipped="0" hostname="Chetuiwk1317" name="modules_automation.Register" tests="7" failures="0" timestamp="02 Aug 2017 16:16:35 GMT" time="49.636" errors="0">
  <testcase name="clickStartButton" time="2.288" classname="modules_automation.Register"/>
  <testcase name="clickRegister" time="41.753" classname="modules_automation.Register"/>
  <testcase name="clickBusinessType_FashionNApparel" time="0.382" classname="modules_automation.Register"/>
  <testcase name="clickNextButtonAfterSelectingBuisnessType" time="0.639" classname="modules_automation.Register"/>
  <testcase name="clickNumberofStores" time="0.686" classname="modules_automation.Register"/>
  <testcase name="doRegister" time="0.749" classname="modules_automation.Register"/>
  <testcase name="clickRegisterButton" time="3.139" classname="modules_automation.Register"/>
</testsuite> <!-- modules_automation.Register -->
